#
# There is insufficient memory for the Java Runtime Environment to continue.
# Native memory allocation (malloc) failed to allocate 1048576 bytes for AllocateHeap
# Possible reasons:
#   The system is out of physical RAM or swap space
#   In 32 bit mode, the process size limit was hit
# Possible solutions:
#   Reduce memory load on the system
#   Increase physical memory or swap space
#   Check if swap backing store is full
#   Use 64 bit Java on a 64 bit OS
#   Decrease Java heap size (-Xmx/-Xms)
#   Decrease number of Java threads
#   Decrease Java thread stack sizes (-Xss)
#   Set larger code cache with -XX:ReservedCodeCacheSize=
# This output file may be truncated or incomplete.
#
#  Out of Memory Error (memory/allocation.inline.hpp:61), pid=15744, tid=0x0000000000006b08
#
# JRE version:  (8.0) (build )
# Java VM: OpenJDK 64-Bit Server VM (25.71-b00 mixed mode windows-amd64 compressed oops)
# Failed to write core dump. Minidumps are not enabled by default on client versions of Windows
#

---------------  T H R E A D  ---------------

Current thread (0x00000000022c2800):  JavaThread "Unknown thread" [_thread_in_vm, id=27400, stack(0x00000000021c0000,0x00000000022c0000)]

Stack: [0x00000000021c0000,0x00000000022c0000]
[error occurred during error reporting (printing stack bounds), id 0xc0000005]

Native frames: (J=compiled Java code, j=interpreted, Vv=VM code, C=native code)


---------------  P R O C E S S  ---------------

Java Threads: ( => current thread )

Other Threads:

=>0x00000000022c2800 (exited) JavaThread "Unknown thread" [_thread_in_vm, id=27400, stack(0x00000000021c0000,0x00000000022c0000)]

VM state:not at safepoint (normal execution)

VM Mutex/Monitor currently owned by a thread: None

Heap:
 PSYoungGen      total 38400K, used 665K [0x00000000d5f00000, 0x00000000d8980000, 0x0000000100000000)
  eden space 33280K, 2% used [0x00000000d5f00000,0x00000000d5fa6670,0x00000000d7f80000)
  from space 5120K, 0% used [0x00000000d8480000,0x00000000d8480000,0x00000000d8980000)
  to   space 5120K, 0% used [0x00000000d7f80000,0x00000000d7f80000,0x00000000d8480000)
 ParOldGen       total 87552K, used 0K [0x0000000081c00000, 0x0000000087180000, 0x00000000d5f00000)
  object space 87552K, 0% used [0x0000000081c00000,0x0000000081c00000,0x0000000087180000)
 Metaspace       used 784K, capacity 1156K, committed 1408K, reserved 1060864K
  class space    used 74K, capacity 384K, committed 384K, reserved 1048576K

Card table byte_map: [0x0000000011780000,0x0000000011b80000] byte_map_base: 0x0000000011372000

Marking Bits: (ParMarkBitMap*) 0x000000007686be50
 Begin Bits: [0x0000000012230000, 0x00000000141c0000)
 End Bits:   [0x00000000141c0000, 0x0000000016150000)

Polling page: 0x0000000001fd0000

CodeCache: size=245760Kb used=328Kb max_used=328Kb free=245431Kb
 bounds [0x00000000023c0000, 0x0000000002630000, 0x00000000113c0000]
 total_blobs=57 nmethods=0 adapters=38
 compilation: enabled

Compilation events (0 events):
No events

GC Heap History (0 events):
No events

Deoptimization events (0 events):
No events

Classes redefined (0 events):
No events

Internal exceptions (0 events):
No events

Events (10 events):
Event: 0.032 loading class java/lang/Short
Event: 0.032 loading class java/lang/Short done
Event: 0.032 loading class java/lang/Integer
Event: 0.032 loading class java/lang/Integer done
Event: 0.032 loading class java/lang/Long
Event: 0.032 loading class java/lang/Long done
Event: 0.033 loading class java/lang/NullPointerException
Event: 0.033 loading class java/lang/NullPointerException done
Event: 0.033 loading class java/lang/ArithmeticException
Event: 0.033 loading class java/lang/ArithmeticException done


Dynamic libraries:
0x00007ff797990000 - 0x00007ff7979c5000 	C:\Program Files\Unity\Hub\Editor\2021.3.22f1\Editor\Data\PlaybackEngines\AndroidPlayer\OpenJDK\bin\java.exe
0x00007ffcc2510000 - 0x00007ffcc2724000 	C:\WINDOWS\SYSTEM32\ntdll.dll
0x00007ffcc1250000 - 0x00007ffcc1313000 	C:\WINDOWS\System32\KERNEL32.DLL
0x00007ffcbf950000 - 0x00007ffcbfcec000 	C:\WINDOWS\System32\KERNELBASE.dll
0x00007ffcbc810000 - 0x00007ffcbc8a7000 	C:\WINDOWS\SYSTEM32\apphelp.dll
0x00007ffcc0e60000 - 0x00007ffcc0f0e000 	C:\WINDOWS\System32\ADVAPI32.dll
0x00007ffcc1030000 - 0x00007ffcc10d7000 	C:\WINDOWS\System32\msvcrt.dll
0x00007ffcc10e0000 - 0x00007ffcc1184000 	C:\WINDOWS\System32\sechost.dll
0x00007ffcc0f10000 - 0x00007ffcc1025000 	C:\WINDOWS\System32\RPCRT4.dll
0x00007ffcc2070000 - 0x00007ffcc221d000 	C:\WINDOWS\System32\USER32.dll
0x00007ffcc0180000 - 0x00007ffcc01a6000 	C:\WINDOWS\System32\win32u.dll
0x00007ffcc1f00000 - 0x00007ffcc1f29000 	C:\WINDOWS\System32\GDI32.dll
0x00007ffcbfd60000 - 0x00007ffcbfe73000 	C:\WINDOWS\System32\gdi32full.dll
0x00007ffcc00e0000 - 0x00007ffcc017a000 	C:\WINDOWS\System32\msvcp_win.dll
0x00007ffcbffc0000 - 0x00007ffcc00d1000 	C:\WINDOWS\System32\ucrtbase.dll
0x00007ffcab760000 - 0x00007ffcab9ee000 	C:\WINDOWS\WinSxS\amd64_microsoft.windows.common-controls_6595b64144ccf1df_6.0.22621.608_none_a9444ca7c10bb01d\COMCTL32.dll
0x00007ffcc1190000 - 0x00007ffcc11c1000 	C:\WINDOWS\System32\IMM32.DLL
0x00000000768f0000 - 0x00000000769c2000 	C:\Program Files\Unity\Hub\Editor\2021.3.22f1\Editor\Data\PlaybackEngines\AndroidPlayer\OpenJDK\jre\bin\msvcr100.dll
0x00000000760a0000 - 0x00000000768e9000 	C:\Program Files\Unity\Hub\Editor\2021.3.22f1\Editor\Data\PlaybackEngines\AndroidPlayer\OpenJDK\jre\bin\server\jvm.dll
0x00007ffcc1cd0000 - 0x00007ffcc1cd8000 	C:\WINDOWS\System32\PSAPI.DLL
0x00007ffcb7920000 - 0x00007ffcb7929000 	C:\WINDOWS\SYSTEM32\WSOCK32.dll
0x00007ffcc1ce0000 - 0x00007ffcc1d51000 	C:\WINDOWS\System32\WS2_32.dll
0x00007ffcb6a00000 - 0x00007ffcb6a34000 	C:\WINDOWS\SYSTEM32\WINMM.dll
0x00007ffcb6cb0000 - 0x00007ffcb6cba000 	C:\WINDOWS\SYSTEM32\VERSION.dll
0x00007ffc79c70000 - 0x00007ffc79c7f000 	C:\Program Files\Unity\Hub\Editor\2021.3.22f1\Editor\Data\PlaybackEngines\AndroidPlayer\OpenJDK\jre\bin\verify.dll
0x00007ffc23dd0000 - 0x00007ffc23df9000 	C:\Program Files\Unity\Hub\Editor\2021.3.22f1\Editor\Data\PlaybackEngines\AndroidPlayer\OpenJDK\jre\bin\java.dll
0x00007ffc23db0000 - 0x00007ffc23dc6000 	C:\Program Files\Unity\Hub\Editor\2021.3.22f1\Editor\Data\PlaybackEngines\AndroidPlayer\OpenJDK\jre\bin\zip.dll

VM Arguments:
jvm_args: -Dfile.encoding=UTF-8 
java_command: <unknown>
java_class_path (initial): .
Launcher Type: SUN_STANDARD

Environment Variables:
JAVA_HOME=C:\Program Files\Unity\Hub\Editor\2021.3.22f1\Editor\Data\PlaybackEngines\AndroidPlayer\OpenJDK
JAVA_TOOL_OPTIONS=-Dfile.encoding=UTF-8
PATH=C:\Program Files (x86)\Common Files\Oracle\Java\javapath;C:\Program Files\Common Files\Oracle\Java\javapath;C:\Program Files (x86)\Intel\Intel(R) Management Engine Components\iCLS\;C:\Program Files\Intel\Intel(R) Management Engine Components\iCLS\;C:\WINDOWS\system32;C:\WINDOWS;C:\WINDOWS\System32\Wbem;C:\WINDOWS\System32\WindowsPowerShell\v1.0\;C:\WINDOWS\System32\OpenSSH\;C:\Program Files (x86)\Intel\Intel(R) Management Engine Components\DAL;C:\Program Files\Intel\Intel(R) Management Engine Components\DAL;C:\Program Files (x86)\Intel\Intel(R) Management Engine Components\IPT;C:\Program Files\Intel\Intel(R) Management Engine Components\IPT;C:\Program Files\dotnet\;C:\MinGW\bin;C:\Program Files\Microsoft SQL Server\Client SDK\ODBC\170\Tools\Binn\;C:\Program Files (x86)\Microsoft SQL Server\150\Tools\Binn\;C:\Program Files\Microsoft SQL Server\150\Tools\Binn\;C:\Program Files\Microsoft SQL Server\150\DTS\Binn\;C:\Program Files\Azure Data Studio\bin;C:\WINDOWS\system32;C:\WINDOWS;C:\WINDOWS\System32\Wbem;C:\WINDOWS\System32\WindowsPowerShell\v1.0\;C:\WINDOWS\System32\OpenSSH\;C:\Program Files\Git\cmd;C:\Users\ASUS-NOTEBOOK\AppData\Local\Microsoft\WindowsApps;C:\Program Files\Azure Data Studio\bin;C:\Users\ASUS-NOTEBOOK\AppData\Local\GitHubDesktop\bin;C:\Users\ASUS-NOTEBOOK\AppData\Local\Programs\Microsoft VS Code\bin;C:\xampp\php;
USERNAME=ASUS-NOTEBOOK
OS=Windows_NT
PROCESSOR_IDENTIFIER=Intel64 Family 6 Model 142 Stepping 10, GenuineIntel



---------------  S Y S T E M  ---------------

OS: Windows 10.0 , 64 bit Build 22621 (10.0.22621.1344)

CPU:total 4 (initial active 4) (2 cores per cpu, 2 threads per core) family 6 model 142 stepping 10, cmov, cx8, fxsr, mmx, sse, sse2, sse3, ssse3, sse4.1, sse4.2, popcnt, avx, avx2, aes, clmul, erms, 3dnowpref, lzcnt, ht, tsc, tscinvbit, bmi1, bmi2, adx

Memory: 4k page, physical 8267996k(224868k free), swap 18753756k(5804k free)

vm_info: OpenJDK 64-Bit Server VM (25.71-b00) for windows-amd64 JRE (1.8.0-adoptopenjdk-_2018_05_19_00_59-b00), built on May 19 2018 01:02:12 by "jenkins" with MS VC++ 10.0 (VS2010)

time: Fri Mar 31 19:49:56 2023
elapsed time: 0 seconds (0d 0h 0m 0s)

